make all --print-data-base --no-builtin-variables --no-builtin-rules --question
# GNU Make 4.2.1
# Built for x86_64-pc-linux-gnu
# Copyright (C) 1988-2016 Free Software Foundation, Inc.
# License GPLv3+: GNU GPL version 3 or later <http://gnu.org/licenses/gpl.html>
# This is free software: you are free to change and redistribute it.
# There is NO WARRANTY, to the extent permitted by law.

# Make data base, printed on Sat Jan 22 15:50:02 2022

# Variables

# automatic
<D = $(patsubst %/,%,$(dir $<))
# automatic
?F = $(notdir $?)
# environment
DESKTOP_SESSION = cinnamon
# default
.SHELLFLAGS := -c
# environment
XDG_SESSION_CLASS = user
# environment
XDG_SESSION_TYPE = x11
# environment
VSCODE_LOG_NATIVE = false
# environment
GTK3_MODULES = xapp-gtk3-module
# automatic
?D = $(patsubst %/,%,$(dir $?))
# automatic
@D = $(patsubst %/,%,$(dir $@))
# environment
XAUTHORITY = /home/chaima/.Xauthority
# environment
GDMSESSION = cinnamon
# default
MAKE_VERSION := 4.2.1
# makefile
CURDIR := /home/chaima/Documents/Architecture parallèle/TP4
# makefile
SHELL = /bin/sh
# environment
GDM_LANG = fr_FR
# environment
VSCODE_NLS_CONFIG = {"locale":"fr","availableLanguages":{},"_languagePackSupport":true}
# environment
_ = /usr/share/code/code
# environment
XDG_CONFIG_DIRS = /etc/xdg/xdg-cinnamon:/etc/xdg
# environment
GTK_OVERLAY_SCROLLING = 1
# makefile (from 'makefile', line 1)
MAKEFILE_LIST :=  makefile
# automatic
@F = $(notdir $@)
# environment
GIO_LAUNCHED_DESKTOP_FILE = /usr/share/applications/code.desktop
# 'override' directive
GNUMAKEFLAGS := 
# environment
MANDATORY_PATH = /usr/share/gconf/cinnamon.mandatory.path
# environment
XDG_DATA_DIRS = /usr/share/cinnamon:/usr/share/gnome:/home/chaima/.local/share/flatpak/exports/share:/var/lib/flatpak/exports/share:/usr/local/share:/usr/share
# environment
DBUS_SESSION_BUS_ADDRESS = unix:path=/run/user/1000/bus
# environment
VSCODE_VERBOSE_LOGGING = true
# environment
LESSOPEN = | /usr/bin/lesspipe %s
# environment
VSCODE_CWD = /home/chaima
# environment
XDG_SESSION_PATH = /org/freedesktop/DisplayManager/Session0
# default
MAKE_HOST := x86_64-pc-linux-gnu
# environment
PATH = /usr/local/sbin:/usr/local/bin:/usr/sbin:/usr/bin:/sbin:/bin:/usr/games:/usr/local/games:/snap/bin
# environment
GPG_AGENT_INFO = /run/user/1000/gnupg/S.gpg-agent:0:1
# environment
SESSION_MANAGER = local/chaima-HP-ENVY-Notebook:@/tmp/.ICE-unix/1143,unix/chaima-HP-ENVY-Notebook:/tmp/.ICE-unix/1143
# environment
XDG_RUNTIME_DIR = /run/user/1000
# environment
VSCODE_LOG_STACK = false
# environment
VSCODE_CRASH_REPORTER_START_OPTIONS = {"companyName":"Microsoft","productName":"VSCode","submitURL":"appcenter://code?aid=fba07a4d-84bd-4fc8-a125-9640fc8ce171&uid=9b185274-f789-4bbd-9319-1b45899b78dc&iid=9b185274-f789-4bbd-9319-1b45899b78dc&sid=9b185274-f789-4bbd-9319-1b45899b78dc","uploadToServer":true}
# default
.FEATURES := target-specific order-only second-expansion else-if shortest-stem undefine oneshell archives jobserver output-sync check-symlink load
# environment
XDG_GREETER_DATA_DIR = /var/lib/lightdm-data/chaima
# environment
LS_COLORS = 
# environment
XDG_SESSION_DESKTOP = cinnamon
# environment
SSH_AUTH_SOCK = /run/user/1000/keyring/ssh
# environment
GIO_LAUNCHED_DESKTOP_FILE_PID = 1702
# automatic
%F = $(notdir $%)
# environment
DISPLAY = :0
# environment
VSCODE_PIPE_LOGGING = true
# environment
PWD = /home/chaima/Documents/Architecture parallèle/TP4
# environment
QT_QPA_PLATFORMTHEME = qt5ct
# default
.LOADED := 
# environment
XDG_SEAT = seat0
# environment
SSH_AGENT_PID = 1213
# environment
ORIGINAL_XDG_CURRENT_DESKTOP = X-Cinnamon
# environment
GTK_MODULES = gail:atk-bridge
# environment
VSCODE_AMD_ENTRYPOINT = vs/workbench/services/extensions/node/extensionHostProcess
# environment
HOME = /home/chaima
# environment
LESSCLOSE = /usr/bin/lesspipe %s %s
# environment
VSCODE_CODE_CACHE_PATH = /home/chaima/.config/Code/CachedData/7db1a2b88f7557e0a43fec75b6ba7e50b3e9f77e
# environment
LOGNAME = chaima
# environment
APPLICATION_INSIGHTS_NO_DIAGNOSTIC_CHANNEL = true
# environment
VSCODE_HANDLES_UNCAUGHT_ERRORS = true
# environment
GNOME_DESKTOP_SESSION_ID = this-is-deprecated
# automatic
^D = $(patsubst %/,%,$(dir $^))
# environment
XDG_VTNR = 7
# environment
MAKELEVEL := 0
# default
MAKE = $(MAKE_COMMAND)
# default
MAKECMDGOALS := all
# environment
SHLVL = 0
# environment
VSCODE_IPC_HOOK_EXTHOST = /run/user/1000/vscode-ipc-6daf7495-a7eb-4d55-8099-b8b100cc3ab8.sock
# environment
XDG_SESSION_ID = c2
# environment
USER = chaima
# makefile
.DEFAULT_GOAL := all
# environment
XDG_CURRENT_DESKTOP = X-Cinnamon
# automatic
%D = $(patsubst %/,%,$(dir $%))
# default
MAKE_COMMAND := make
# default
.VARIABLES := 
# automatic
*F = $(notdir $*)
# environment
LANGUAGE = fr_FR
# environment
XDG_SEAT_PATH = /org/freedesktop/DisplayManager/Seat0
# environment
VSCODE_IPC_HOOK = /run/user/1000/vscode-9b6bcd80-1.63.0-main.sock
# makefile
MAKEFLAGS = pqrR
# environment
MFLAGS = -pqrR
# automatic
*D = $(patsubst %/,%,$(dir $*))
# environment
BREAKPAD_DUMP_LOCATION = /home/chaima/.config/Code/exthost Crash Reports
# automatic
+D = $(patsubst %/,%,$(dir $+))
# environment
GDK_BACKEND = x11
# automatic
+F = $(notdir $+)
# environment
CINNAMON_VERSION = 5.0.7
# environment
QT_ACCESSIBILITY = 1
# environment
DEFAULTS_PATH = /usr/share/gconf/cinnamon.default.path
# default
MAKEFILES := 
# automatic
<F = $(notdir $<)
# environment
ELECTRON_RUN_AS_NODE = 1
# environment
LC_ALL = C
# environment
GJS_DEBUG_TOPICS = JS ERROR;JS LOG
# automatic
^F = $(notdir $^)
# default
SUFFIXES := 
# environment
CHROME_DESKTOP = code-url-handler.desktop
# default
.INCLUDE_DIRS = /usr/include /usr/local/include /usr/include
# environment
GJS_DEBUG_OUTPUT = stderr
# default
.RECIPEPREFIX := 
# environment
LANG = C
# environment
VSCODE_PID = 1702
# variable set hash-table stats:
# Load=103/1024=10%, Rehash=0, Collisions=8/131=6%

# Pattern-specific Variable Values

# No pattern-specific variable values.

# Directories

# . (device 2071, inode 1224334): 34 files, no impossibilities.

# 34 files, no impossibilities in 1 directories.

# Implicit Rules

# No implicit rules.

# Files

nbody.g: nbody3D.c
#  Implicit rule search has not been done.
#  Last modified 2022-01-07 14:10:40.585712441
#  File has been updated.
#  Successfully updated.
#  recipe to execute (from 'makefile', line 4):
	gcc -march=native -mavx2 -Ofast -fopt-info-all=nbody.gcc.optrpt $< -o $@ -lm -fopenmp
	gcc nbody3DSoA.c -o nbody3DSoA -lm -fopenmp -march=native -mavx2 -Ofast -fopt-info-all=nbody.gcc.optrpt
	gcc nbody3D2.c -o nbody3D4 -lm -fopenmp -march=native -mavx2 -Ofast -fopt-info-all=nbody.gcc.optrpt
	gcc nbody3D3.c -o nbody3D4 -lm -fopenmp -march=native -mavx2 -Ofast -fopt-info-all=nbody.gcc.optrpt
	gcc nbody3D4.c -o nbody3D4 -lm -fopenmp -march=native -mavx2 -Ofast -fopt-info-all=nbody.gcc.optrpt
	gcc nbody3D5.c -o nbody3D5 -lm -fopenmp -march=native -mavx2 -Ofast -fopt-info-all=nbody.gcc.optrpt
	gcc nbody3D6.c -o nbody3D6 -lm -fopenmp -march=native -mavx2 -Ofast -fopt-info-all=nbody.gcc.optrpt -funroll-loops
	

nbody.ic:
#  Implicit rule search has not been done.
#  Implicit/static pattern stem: ''
#  File does not exist.
#  File has been updated.
#  Needs to be updated (-q is set).
# automatic
# @ := nbody.ic
# automatic
# % := 
# automatic
# * := 
# automatic
# + := 
# automatic
# | := 
# automatic
# < := 
# automatic
# ^ := 
# automatic
# ? := 
# variable set hash-table stats:
# Load=8/32=25%, Rehash=0, Collisions=1/11=9%
#  recipe to execute (from 'makefile', line 19):
	icc -g3 -xHost -mavx2 -Ofast -finline-functions -funroll-loops nbody3DSoA.c -o nbody3DSoA -qmkl -qopenmp 
	icc -g3 -xHost -mavx2 -Ofast -finline-functions -funroll-loops nbody3D2.c -o nbody3D2 -qmkl -qopenmp 

 
all: nbody.g nbody.cl nbody.ic nbody.ix
#  Command line target.
#  Implicit rule search has been done.
#  File does not exist.
#  File has been updated.
#  Needs to be updated (-q is set).
# variable set hash-table stats:
# Load=0/32=0%, Rehash=0, Collisions=0/3=0%

# Not a target:
.SUFFIXES:
#  Implicit rule search has not been done.
#  Modification time never checked.
#  File has not been updated.

# Not a target:
makefile:
#  Implicit rule search has been done.
#  Last modified 2022-01-22 15:49:50.333719726
#  File has been updated.
#  Successfully updated.

# Not a target:
nbody3D.c:
#  Implicit rule search has been done.
#  Last modified 2021-12-10 14:36:12.731037787
#  File has been updated.
#  Successfully updated.

nbody.ix:
#  Implicit rule search has not been done.
#  Modification time never checked.
#  File has not been updated.
#  recipe to execute (from 'makefile', line 23):
	icx -g3 -xHost -mavx2 -Ofast -finline-functions -funroll-loops nbody3DSoA.c -o nbody3DSoA -qmkl -qopenmp 
	icx -g3 -xHost -mavx2 -Ofast -finline-functions -funroll-loops nbody3D2.c -o nbody3D2 -qmkl -qopenmp 
	icx -g3 -xHost -mavx2 -Ofast -finline-functions -funroll-loops nbody3D5.c -o nbody3D5 -qmkl -qopenmp
	icc -g3 -xHost -mavx2 -Ofast -finline-functions -funroll-loops nbody3D6.c -o nbody3D6 -qmkl -qopenmp 

# Not a target:
.DEFAULT:
#  Implicit rule search has not been done.
#  Modification time never checked.
#  File has not been updated.

nbody.cl: nbody3D.c
#  Implicit rule search has not been done.
#  Last modified 2022-01-07 14:10:40.921711802
#  File has been updated.
#  Successfully updated.
#  recipe to execute (from 'makefile', line 14):
	clang -Ofast $< -o $@ -lpthread -lm -ldl -fopenmp -lomp
	clang -march=native -mtune=native -g3 -mavx2 -Ofast -finline-functions -funroll-loops nbody3DSoA.c -o nbody3DSoA -lm -fopenmp
	clang -march=native -mtune=native -g3 -mavx2 -Ofast -finline-functions -funroll-loops nbody3D2.c -o nbody3D2 -lm -fopenmp

clean:
#  Implicit rule search has not been done.
#  Modification time never checked.
#  File has not been updated.
#  recipe to execute (from 'makefile', line 30):
	rm -Rf *~ nbody.g nbody.cl nbody.ic nbody.ix *.optrpt

# files hash-table stats:
 
# Load=10/1024=1%, Rehash=0, Collisions=0/32=0%
# VPATH Search Paths

# No 'vpath' search paths.

# No general ('VPATH' variable) search path.

# strcache buffers: 1 (0) / strings = 42 / storage = 471 B / avg = 11 B
# current buf: size = 8162 B / used = 471 B / count = 42 / avg = 11 B

# strcache performance: lookups = 62 / hit rate = 32%
# hash-table stats:
# Load=42/8192=1%, Rehash=0, Collisions=1/62=2%
# Finished Make data base on Sat Jan 22 15:50:02 2022

 
